This is pdfTeX, Version 3.1415926-2.5-1.40.14 (MiKTeX 2.9) (preloaded format=pdflatex 2015.6.10)  11 JUN 2015 14:44
entering extended mode
**BRCA1_LRG_292t1.tex

(G:\Git\Reference_Sequencer\outputFiles\BRCA1_LRG_292t1_11-06-2015_14-44-11\BRC
A1_LRG_292t1.tex
LaTeX2e <2011/06/27>
Babel <v3.8m> and hyphenation patterns for english, afrikaans, ancientgreek, ar
abic, armenian, assamese, basque, bengali, bokmal, bulgarian, catalan, coptic, 
croatian, czech, danish, dutch, esperanto, estonian, farsi, finnish, french, ga
lician, german, german-x-2013-05-26, greek, gujarati, hindi, hungarian, iceland
ic, indonesian, interlingua, irish, italian, kannada, kurmanji, latin, latvian,
 lithuanian, malayalam, marathi, mongolian, mongolianlmc, monogreek, ngerman, n
german-x-2013-05-26, nynorsk, oriya, panjabi, pinyin, polish, portuguese, roman
ian, russian, sanskrit, serbian, slovak, slovenian, spanish, swedish, swissgerm
an, tamil, telugu, turkish, turkmen, ukenglish, ukrainian, uppersorbian, usengl
ishmax, welsh, loaded.
("C:\Program Files (x86)\MiKTeX 2.9\tex\latex\base\article.cls"
Document Class: article 2007/10/19 v1.4h Standard LaTeX document class
("C:\Program Files (x86)\MiKTeX 2.9\tex\latex\base\size10.clo"
File: size10.clo 2007/10/19 v1.4h Standard LaTeX file (size option)
)
\c@part=\count79
\c@section=\count80
\c@subsection=\count81
\c@subsubsection=\count82
\c@paragraph=\count83
\c@subparagraph=\count84
\c@figure=\count85
\c@table=\count86
\abovecaptionskip=\skip41
\belowcaptionskip=\skip42
\bibindent=\dimen102
) ("C:\Program Files (x86)\MiKTeX 2.9\tex\latex\graphics\color.sty"
Package: color 2005/11/14 v1.0j Standard LaTeX Color (DPC)
("C:\Program Files (x86)\MiKTeX 2.9\tex\latex\00miktex\color.cfg"
File: color.cfg 2007/01/18 v1.5 color configuration of teTeX/TeXLive
)
Package color Info: Driver file: pdftex.def on input line 130.
("C:\Program Files (x86)\MiKTeX 2.9\tex\latex\pdftex-def\pdftex.def"
File: pdftex.def 2011/05/27 v0.06d Graphics/color for pdfTeX
("C:\Program Files (x86)\MiKTeX 2.9\tex\generic\oberdiek\infwarerr.sty"
Package: infwarerr 2010/04/08 v1.3 Providing info/warning/error messages (HO)
) ("C:\Program Files (x86)\MiKTeX 2.9\tex\generic\oberdiek\ltxcmds.sty"
Package: ltxcmds 2011/11/09 v1.22 LaTeX kernel commands for general use (HO)
)
\Gread@gobject=\count87
)) (C:\Users\Matt\AppData\Roaming\MiKTeX\2.9\tex\latex\soul\soul.sty
Package: soul 2003/11/17 v2.4 letterspacing/underlining (mf)
\SOUL@word=\toks14
\SOUL@lasttoken=\toks15
\SOUL@cmds=\toks16
\SOUL@buffer=\toks17
\SOUL@token=\toks18
\SOUL@spaceskip=\skip43
\SOUL@ttwidth=\dimen103
\SOUL@uldp=\dimen104
\SOUL@ulht=\dimen105
) ("C:\Program Files (x86)\MiKTeX 2.9\tex\latex\base\alltt.sty"
Package: alltt 1997/06/16 v2.0g defines alltt environment
) ("C:\Program Files (x86)\MiKTeX 2.9\tex\latex\pdfcomment\pdfcomment.sty"
Package: pdfcomment 2012/09/28 pdfcomment.sty v2.3a - Josef Kleber (C) 2008-201
2
("C:\Program Files (x86)\MiKTeX 2.9\tex\latex\xkeyval\xkeyval.sty"
Package: xkeyval 2012/10/14 v2.6b package option processing (HA)
("C:\Program Files (x86)\MiKTeX 2.9\tex\generic\xkeyval\xkeyval.tex"
\XKV@toks=\toks19
\XKV@tempa@toks=\toks20
\XKV@depth=\count88
File: xkeyval.tex 2012/10/14 v2.6b key=value parser (HA)
("C:\Program Files (x86)\MiKTeX 2.9\tex\generic\xkeyval\keyval.tex")))
\c@pc@count@i=\count89
\c@pc@count@ii=\count90
\c@pc@count@iii=\count91
\c@pc@count@iv=\count92
\pc@mathannot@box=\box26
\pc@dima=\skip44
\pc@dimb=\skip45
\pc@Sposx=\skip46
\pc@Sposy=\skip47
\pc@Eposx=\skip48
\pc@Eposy=\skip49
\pc@column=\skip50
\pc@box@width=\skip51
\pc@box@height=\skip52
\pc@box@depth=\skip53
("C:\Program Files (x86)\MiKTeX 2.9\tex\latex\oberdiek\zref-savepos.sty"
Package: zref-savepos 2012/04/04 v2.24 Module savepos for zref (HO)
("C:\Program Files (x86)\MiKTeX 2.9\tex\latex\oberdiek\zref-base.sty"
Package: zref-base 2012/04/04 v2.24 Module base for zref (HO)
("C:\Program Files (x86)\MiKTeX 2.9\tex\generic\oberdiek\kvsetkeys.sty"
Package: kvsetkeys 2012/04/25 v1.16 Key value parser (HO)
("C:\Program Files (x86)\MiKTeX 2.9\tex\generic\oberdiek\etexcmds.sty"
Package: etexcmds 2011/02/16 v1.5 Avoid name clashes with e-TeX commands (HO)
("C:\Program Files (x86)\MiKTeX 2.9\tex\generic\oberdiek\ifluatex.sty"
Package: ifluatex 2010/03/01 v1.3 Provides the ifluatex switch (HO)
Package ifluatex Info: LuaTeX not detected.
)
Package etexcmds Info: Could not find \expanded.
(etexcmds)             That can mean that you are not using pdfTeX 1.50 or
(etexcmds)             that some package has redefined \expanded.
(etexcmds)             In the latter case, load this package earlier.
)) ("C:\Program Files (x86)\MiKTeX 2.9\tex\generic\oberdiek\kvdefinekeys.sty"
Package: kvdefinekeys 2011/04/07 v1.3 Define keys (HO)
) ("C:\Program Files (x86)\MiKTeX 2.9\tex\generic\oberdiek\pdftexcmds.sty"
Package: pdftexcmds 2011/11/29 v0.20 Utility functions of pdfTeX for LuaTeX (HO
)
("C:\Program Files (x86)\MiKTeX 2.9\tex\generic\oberdiek\ifpdf.sty"
Package: ifpdf 2011/01/30 v2.3 Provides the ifpdf switch (HO)
Package ifpdf Info: pdfTeX in PDF mode is detected.
)
Package pdftexcmds Info: LuaTeX not detected.
Package pdftexcmds Info: \pdf@primitive is available.
Package pdftexcmds Info: \pdf@ifprimitive is available.
Package pdftexcmds Info: \pdfdraftmode found.
) ("C:\Program Files (x86)\MiKTeX 2.9\tex\latex\oberdiek\auxhook.sty"
Package: auxhook 2011/03/04 v1.3 Hooks for auxiliary files (HO)
)
Package zref Info: New property list: main on input line 759.
Package zref Info: New property: default on input line 760.
Package zref Info: New property: page on input line 761.
)
Package zref Info: New property list: savepos on input line 75.
Package zref Info: New property: posx on input line 76.
Package zref Info: New property: posy on input line 77.
)
\c@zref@unique=\count93
("C:\Program Files (x86)\MiKTeX 2.9\tex\latex\oberdiek\refcount.sty"
Package: refcount 2011/10/16 v3.4 Data extraction from label references (HO)
) ("C:\Program Files (x86)\MiKTeX 2.9\tex\latex\base\ifthen.sty"
Package: ifthen 2001/05/26 v1.1c Standard LaTeX ifthen package (DPC)
) ("C:\Program Files (x86)\MiKTeX 2.9\tex\latex\tools\calc.sty"
Package: calc 2007/08/22 v4.3 Infix arithmetic (KKT,FJ)
\calc@Acount=\count94
\calc@Bcount=\count95
\calc@Adimen=\dimen106
\calc@Bdimen=\dimen107
\calc@Askip=\skip54
\calc@Bskip=\skip55
LaTeX Info: Redefining \setlength on input line 76.
LaTeX Info: Redefining \addtolength on input line 77.
\calc@Ccount=\count96
\calc@Cskip=\skip56
) (C:\Users\Matt\AppData\Roaming\MiKTeX\2.9\tex\latex\marginnote\marginnote.sty
Package: marginnote 2012/03/29 v1.1i non floating margin notes for LaTeX
\c@mn@abspage=\count97
) (C:\Users\Matt\AppData\Roaming\MiKTeX\2.9\tex\latex\datetime\datetime.sty
Package: datetime 2015/03/20 v2.60 Date Time Package
(C:\Users\Matt\AppData\Roaming\MiKTeX\2.9\tex\latex\etoolbox\etoolbox.sty
Package: etoolbox 2015/05/04 v2.2 e-TeX tools for LaTeX (JAW)
("C:\Program Files (x86)\MiKTeX 2.9\tex\latex\misc\etex.sty"
Package: etex 1998/03/26 v2.0 eTeX basic definition package (PEB)
\et@xins=\count98
)
\etb@tempcnta=\count99
) (C:\Users\Matt\AppData\Roaming\MiKTeX\2.9\tex\latex\fmtcount\fmtcount.sty
Package: fmtcount 2015/05/05 v3.01
(C:\Users\Matt\AppData\Roaming\MiKTeX\2.9\tex\latex\fmtcount\fcprefix.sty
Package: fcprefix 2012/09/28
(C:\Users\Matt\AppData\Roaming\MiKTeX\2.9\tex\latex\fmtcount\fcnumparser.sty
Package: fcnumparser 2012/09/28
\fc@digit@counter=\count100
)) ("C:\Program Files (x86)\MiKTeX 2.9\tex\generic\ifxetex\ifxetex.sty"
Package: ifxetex 2010/09/12 v0.6 Provides ifxetex conditional
) ("C:\Program Files (x86)\MiKTeX 2.9\tex\latex\amsmath\amsgen.sty"
File: amsgen.sty 1999/11/30 v2.0
\@emptytoks=\toks21
\ex@=\dimen108
)
\c@padzeroesN=\count101
\fc@tmpcatcode=\count102
\@DT@modctr=\count103
\@ordinalctr=\count104
\@orgargctr=\count105
\@strctr=\count106
\@tmpstrctr=\count107
\@DT@loopN=\count108
\@DT@X=\count109
(C:\Users\Matt\AppData\Roaming\MiKTeX\2.9\tex\latex\fmtcount\fc-english.def
File: fc-english.def 2013/08/17
))
(C:\Users\Matt\AppData\Roaming\MiKTeX\2.9\tex\latex\datetime\datetime-defaults.
sty
Package: datetime-defaults 2013/09/10
)
\@day=\count110
\@month=\count111
\@year=\count112
\c@HOUR=\count113
\c@HOURXII=\count114
\c@MINUTE=\count115
\c@TOHOUR=\count116
\c@TOMINUTE=\count117
\c@SECOND=\count118
\currenthour=\count119
\currentminute=\count120
\currentsecond=\count121
Package datetime Info: No datetime.cfg file found, using default settings on in
put line 308.
\@dtctr=\count122
\dayofyear=\count123
\dayofweek=\count124
LaTeX Info: Redefining \today on input line 736.
\dt@a=\toks22
\dt@b=\toks23
) (C:\Users\Matt\AppData\Roaming\MiKTeX\2.9\tex\latex\bezos\soulpos.sty
Package: soulpos 2012/02/25 v1.0 Fancy underlining
\ulp@subcnt=\count125
\ulp@cnt=\count126
\ulp@out=\write3
\ulp@in=\read1
\ulwidth=\dimen109
) ("C:\Program Files (x86)\MiKTeX 2.9\tex\latex\hyperref\hyperref.sty"
Package: hyperref 2012/11/06 v6.83m Hypertext links for LaTeX
("C:\Program Files (x86)\MiKTeX 2.9\tex\generic\oberdiek\hobsub-hyperref.sty"
Package: hobsub-hyperref 2012/04/25 v1.12 Bundle oberdiek, subset hyperref (HO)

("C:\Program Files (x86)\MiKTeX 2.9\tex\generic\oberdiek\hobsub-generic.sty"
Package: hobsub-generic 2012/04/25 v1.12 Bundle oberdiek, subset generic (HO)
Package: hobsub 2012/04/25 v1.12 Construct package bundles (HO)
Package hobsub Info: Skipping package `infwarerr' (already loaded).
Package hobsub Info: Skipping package `ltxcmds' (already loaded).
Package hobsub Info: Skipping package `ifluatex' (already loaded).
Package: ifvtex 2010/03/01 v1.5 Detect VTeX and its facilities (HO)
Package ifvtex Info: VTeX not detected.
Package: intcalc 2007/09/27 v1.1 Expandable calculations with integers (HO)
Package hobsub Info: Skipping package `ifpdf' (already loaded).
Package hobsub Info: Skipping package `etexcmds' (already loaded).
Package hobsub Info: Skipping package `kvsetkeys' (already loaded).
Package hobsub Info: Skipping package `kvdefinekeys' (already loaded).
Package hobsub Info: Skipping package `pdftexcmds' (already loaded).
Package: pdfescape 2011/11/25 v1.13 Implements pdfTeX's escape features (HO)
Package: bigintcalc 2012/04/08 v1.3 Expandable calculations on big integers (HO
)
Package: bitset 2011/01/30 v1.1 Handle bit-vector datatype (HO)
Package: uniquecounter 2011/01/30 v1.2 Provide unlimited unique counter (HO)
)
Package hobsub Info: Skipping package `hobsub' (already loaded).
Package: letltxmacro 2010/09/02 v1.4 Let assignment for LaTeX macros (HO)
Package: hopatch 2011/06/24 v1.1 Wrapper for package hooks (HO)
Package: xcolor-patch 2011/01/30 xcolor patch
Package: atveryend 2011/06/30 v1.8 Hooks at the very end of document (HO)
Package: atbegshi 2011/10/05 v1.16 At begin shipout hook (HO)
Package hobsub Info: Skipping package `refcount' (already loaded).
Package: hycolor 2011/01/30 v1.7 Color options for hyperref/bookmark (HO)
) ("C:\Program Files (x86)\MiKTeX 2.9\tex\latex\oberdiek\kvoptions.sty"
Package: kvoptions 2011/06/30 v3.11 Key value format for package options (HO)
)
\@linkdim=\dimen110
\Hy@linkcounter=\count127
\Hy@pagecounter=\count128
("C:\Program Files (x86)\MiKTeX 2.9\tex\latex\hyperref\pd1enc.def"
File: pd1enc.def 2012/11/06 v6.83m Hyperref: PDFDocEncoding definition (HO)
)
\Hy@SavedSpaceFactor=\count129
("C:\Program Files (x86)\MiKTeX 2.9\tex\latex\00miktex\hyperref.cfg"
File: hyperref.cfg 2002/06/06 v1.2 hyperref configuration of TeXLive
)
Package hyperref Info: Hyper figures OFF on input line 4443.
Package hyperref Info: Link nesting OFF on input line 4448.
Package hyperref Info: Hyper index ON on input line 4451.
Package hyperref Info: Plain pages OFF on input line 4458.
Package hyperref Info: Backreferencing OFF on input line 4463.
Package hyperref Info: Implicit mode ON; LaTeX internals redefined.
Package hyperref Info: Bookmarks ON on input line 4688.
\c@Hy@tempcnt=\count130
(C:\Users\Matt\AppData\Roaming\MiKTeX\2.9\tex\latex\url\url.sty
\Urlmuskip=\muskip10
Package: url 2013/09/16  ver 3.4  Verb mode for urls, etc.
)
LaTeX Info: Redefining \url on input line 5041.
\XeTeXLinkMargin=\dimen111
\Fld@menulength=\count131
\Field@Width=\dimen112
\Fld@charsize=\dimen113
Package hyperref Info: Hyper figures OFF on input line 6295.
Package hyperref Info: Link nesting OFF on input line 6300.
Package hyperref Info: Hyper index ON on input line 6303.
Package hyperref Info: backreferencing OFF on input line 6310.
Package hyperref Info: Link coloring OFF on input line 6315.
Package hyperref Info: Link coloring with OCG OFF on input line 6320.
Package hyperref Info: PDF/A mode OFF on input line 6325.
LaTeX Info: Redefining \ref on input line 6365.
LaTeX Info: Redefining \pageref on input line 6369.
\Hy@abspage=\count132
\c@Item=\count133
\c@Hfootnote=\count134
)

Package hyperref Message: Driver: hpdftex.

("C:\Program Files (x86)\MiKTeX 2.9\tex\latex\hyperref\hpdftex.def"
File: hpdftex.def 2012/11/06 v6.83m Hyperref driver for pdfTeX
\Fld@listcount=\count135
\c@bookmark@seq@number=\count136
("C:\Program Files (x86)\MiKTeX 2.9\tex\latex\oberdiek\rerunfilecheck.sty"
Package: rerunfilecheck 2011/04/15 v1.7 Rerun checks for auxiliary files (HO)
Package uniquecounter Info: New unique counter `rerunfilecheck' on input line 2
82.
)
\Hy@SectionHShift=\skip57
)
Package zref Info: New property list: pdfcomment on input line 2714.
Package zref Info: New property: PCPDFOBJID on input line 2715.
)
No file BRCA1_LRG_292t1.aux.
LaTeX Font Info:    Checking defaults for OML/cmm/m/it on input line 5.
LaTeX Font Info:    ... okay on input line 5.
LaTeX Font Info:    Checking defaults for T1/cmr/m/n on input line 5.
LaTeX Font Info:    ... okay on input line 5.
LaTeX Font Info:    Checking defaults for OT1/cmr/m/n on input line 5.
LaTeX Font Info:    ... okay on input line 5.
LaTeX Font Info:    Checking defaults for OMS/cmsy/m/n on input line 5.
LaTeX Font Info:    ... okay on input line 5.
LaTeX Font Info:    Checking defaults for OMX/cmex/m/n on input line 5.
LaTeX Font Info:    ... okay on input line 5.
LaTeX Font Info:    Checking defaults for U/cmr/m/n on input line 5.
LaTeX Font Info:    ... okay on input line 5.
LaTeX Font Info:    Checking defaults for PD1/pdf/m/n on input line 5.
LaTeX Font Info:    ... okay on input line 5.
(C:\Users\Matt\AppData\Roaming\MiKTeX\2.9\tex\context\base\supp-pdf.mkii
[Loading MPS to PDF converter (version 2006.09.02).]
\scratchcounter=\count137
\scratchdimen=\dimen114
\scratchbox=\box27
\nofMPsegments=\count138
\nofMParguments=\count139
\everyMPshowfont=\toks24
\MPscratchCnt=\count140
\MPscratchDim=\dimen115
\MPnumerator=\count141
\makeMPintoPDFobject=\count142
\everyMPtoPDFconversion=\toks25
)
Package marginnote Info: \pdfoutput not 0 and \pdflastxpos available.
(marginnote)             Extended position detection mode activated.
\AtBeginShipoutBox=\box28
Package hyperref Info: Link coloring OFF on input line 5.
("C:\Program Files (x86)\MiKTeX 2.9\tex\latex\hyperref\nameref.sty"
Package: nameref 2012/10/27 v2.43 Cross-referencing by name of section
("C:\Program Files (x86)\MiKTeX 2.9\tex\generic\oberdiek\gettitlestring.sty"
Package: gettitlestring 2010/12/03 v1.4 Cleanup title references (HO)
)
\c@section@level=\count143
)
LaTeX Info: Redefining \ref on input line 5.
LaTeX Info: Redefining \pageref on input line 5.
LaTeX Info: Redefining \nameref on input line 5.
\@outlinefile=\write4
LaTeX Font Info:    External font `cmex10' loaded for size
(Font)              <12> on input line 11.
LaTeX Font Info:    External font `cmex10' loaded for size
(Font)              <8> on input line 11.
LaTeX Font Info:    External font `cmex10' loaded for size
(Font)              <6> on input line 11.
LaTeX Font Info:    External font `cmex10' loaded for size
(Font)              <7> on input line 18.
LaTeX Font Info:    External font `cmex10' loaded for size
(Font)              <5> on input line 18.

Underfull \hbox (badness 10000) in paragraph at lines 18--22

 []


Package hyperref Warning: Token not allowed in a PDF string (PDFDocEncoding):
(hyperref)                removing `\char' on input line 53.


Package hyperref Warning: Token not allowed in a PDF string (PDFDocEncoding):
(hyperref)                \kern 1.75003pt
(hyperref)                removed on input line 53.


Package hyperref Warning: Token not allowed in a PDF string (PDFDocEncoding):
(hyperref)                removing `\char' on input line 53.


Package hyperref Warning: Token not allowed in a PDF string (PDFDocEncoding):
(hyperref)                \kern 1.75003pt
(hyperref)                removed on input line 53.

Package hyperref Info: bookmark level for unknown lpcsec defaults to 0 on input
 line 53.
[1

{C:/Users/Matt/AppData/Local/MiKTeX/2.9/pdftex/config/pdftex.map}] [2]

Package hyperref Warning: Token not allowed in a PDF string (PDFDocEncoding):
(hyperref)                removing `\char' on input line 81.


Package hyperref Warning: Token not allowed in a PDF string (PDFDocEncoding):
(hyperref)                \kern 1.75003pt
(hyperref)                removed on input line 81.


Package hyperref Warning: Token not allowed in a PDF string (PDFDocEncoding):
(hyperref)                removing `\char' on input line 81.


Package hyperref Warning: Token not allowed in a PDF string (PDFDocEncoding):
(hyperref)                \kern 1.75003pt
(hyperref)                removed on input line 81.


Package hyperref Warning: Token not allowed in a PDF string (PDFDocEncoding):
(hyperref)                removing `\char' on input line 106.


Package hyperref Warning: Token not allowed in a PDF string (PDFDocEncoding):
(hyperref)                \kern 1.75003pt
(hyperref)                removed on input line 106.


Package hyperref Warning: Token not allowed in a PDF string (PDFDocEncoding):
(hyperref)                removing `\char' on input line 106.


Package hyperref Warning: Token not allowed in a PDF string (PDFDocEncoding):
(hyperref)                \kern 1.75003pt
(hyperref)                removed on input line 106.

[3]

Package hyperref Warning: Token not allowed in a PDF string (PDFDocEncoding):
(hyperref)                removing `\char' on input line 125.


Package hyperref Warning: Token not allowed in a PDF string (PDFDocEncoding):
(hyperref)                \kern 1.75003pt
(hyperref)                removed on input line 125.


Package hyperref Warning: Token not allowed in a PDF string (PDFDocEncoding):
(hyperref)                removing `\char' on input line 125.


Package hyperref Warning: Token not allowed in a PDF string (PDFDocEncoding):
(hyperref)                \kern 1.75003pt
(hyperref)                removed on input line 125.


Package hyperref Warning: Token not allowed in a PDF string (PDFDocEncoding):
(hyperref)                removing `\char' on input line 139.


Package hyperref Warning: Token not allowed in a PDF string (PDFDocEncoding):
(hyperref)                \kern 1.75003pt
(hyperref)                removed on input line 139.


Package hyperref Warning: Token not allowed in a PDF string (PDFDocEncoding):
(hyperref)                removing `\char' on input line 139.


Package hyperref Warning: Token not allowed in a PDF string (PDFDocEncoding):
(hyperref)                \kern 1.75003pt
(hyperref)                removed on input line 139.

[4]

Package hyperref Warning: Token not allowed in a PDF string (PDFDocEncoding):
(hyperref)                removing `\char' on input line 164.


Package hyperref Warning: Token not allowed in a PDF string (PDFDocEncoding):
(hyperref)                \kern 1.75003pt
(hyperref)                removed on input line 164.


Package hyperref Warning: Token not allowed in a PDF string (PDFDocEncoding):
(hyperref)                removing `\char' on input line 164.


Package hyperref Warning: Token not allowed in a PDF string (PDFDocEncoding):
(hyperref)                \kern 1.75003pt
(hyperref)                removed on input line 164.


Package hyperref Warning: Token not allowed in a PDF string (PDFDocEncoding):
(hyperref)                removing `\char' on input line 186.


Package hyperref Warning: Token not allowed in a PDF string (PDFDocEncoding):
(hyperref)                \kern 1.75003pt
(hyperref)                removed on input line 186.


Package hyperref Warning: Token not allowed in a PDF string (PDFDocEncoding):
(hyperref)                removing `\char' on input line 186.


Package hyperref Warning: Token not allowed in a PDF string (PDFDocEncoding):
(hyperref)                \kern 1.75003pt
(hyperref)                removed on input line 186.

[5]

Package hyperref Warning: Token not allowed in a PDF string (PDFDocEncoding):
(hyperref)                removing `\char' on input line 211.


Package hyperref Warning: Token not allowed in a PDF string (PDFDocEncoding):
(hyperref)                \kern 1.75003pt
(hyperref)                removed on input line 211.


Package hyperref Warning: Token not allowed in a PDF string (PDFDocEncoding):
(hyperref)                removing `\char' on input line 211.


Package hyperref Warning: Token not allowed in a PDF string (PDFDocEncoding):
(hyperref)                \kern 1.75003pt
(hyperref)                removed on input line 211.


Package hyperref Warning: Token not allowed in a PDF string (PDFDocEncoding):
(hyperref)                removing `\char' on input line 227.


Package hyperref Warning: Token not allowed in a PDF string (PDFDocEncoding):
(hyperref)                \kern 1.75003pt
(hyperref)                removed on input line 227.


Package hyperref Warning: Token not allowed in a PDF string (PDFDocEncoding):
(hyperref)                removing `\char' on input line 227.


Package hyperref Warning: Token not allowed in a PDF string (PDFDocEncoding):
(hyperref)                \kern 1.75003pt
(hyperref)                removed on input line 227.

[6]

Package hyperref Warning: Token not allowed in a PDF string (PDFDocEncoding):
(hyperref)                removing `\char' on input line 252.


Package hyperref Warning: Token not allowed in a PDF string (PDFDocEncoding):
(hyperref)                \kern 1.75003pt
(hyperref)                removed on input line 252.


Package hyperref Warning: Token not allowed in a PDF string (PDFDocEncoding):
(hyperref)                removing `\char' on input line 252.


Package hyperref Warning: Token not allowed in a PDF string (PDFDocEncoding):
(hyperref)                \kern 1.75003pt
(hyperref)                removed on input line 252.


Package hyperref Warning: Token not allowed in a PDF string (PDFDocEncoding):
(hyperref)                removing `\char' on input line 275.


Package hyperref Warning: Token not allowed in a PDF string (PDFDocEncoding):
(hyperref)                \kern 1.75003pt
(hyperref)                removed on input line 275.


Package hyperref Warning: Token not allowed in a PDF string (PDFDocEncoding):
(hyperref)                removing `\char' on input line 275.


Package hyperref Warning: Token not allowed in a PDF string (PDFDocEncoding):
(hyperref)                \kern 1.75003pt
(hyperref)                removed on input line 275.

[7]

Package hyperref Warning: Token not allowed in a PDF string (PDFDocEncoding):
(hyperref)                removing `\char' on input line 303.


Package hyperref Warning: Token not allowed in a PDF string (PDFDocEncoding):
(hyperref)                \kern 1.75003pt
(hyperref)                removed on input line 303.


Package hyperref Warning: Token not allowed in a PDF string (PDFDocEncoding):
(hyperref)                removing `\char' on input line 303.


Package hyperref Warning: Token not allowed in a PDF string (PDFDocEncoding):
(hyperref)                \kern 1.75003pt
(hyperref)                removed on input line 303.


Package hyperref Warning: Token not allowed in a PDF string (PDFDocEncoding):
(hyperref)                removing `\char' on input line 322.


Package hyperref Warning: Token not allowed in a PDF string (PDFDocEncoding):
(hyperref)                \kern 1.75003pt
(hyperref)                removed on input line 322.


Package hyperref Warning: Token not allowed in a PDF string (PDFDocEncoding):
(hyperref)                removing `\char' on input line 322.


Package hyperref Warning: Token not allowed in a PDF string (PDFDocEncoding):
(hyperref)                \kern 1.75003pt
(hyperref)                removed on input line 322.

[8]

Package hyperref Warning: Token not allowed in a PDF string (PDFDocEncoding):
(hyperref)                removing `\char' on input line 344.


Package hyperref Warning: Token not allowed in a PDF string (PDFDocEncoding):
(hyperref)                \kern 1.75003pt
(hyperref)                removed on input line 344.


Package hyperref Warning: Token not allowed in a PDF string (PDFDocEncoding):
(hyperref)                removing `\char' on input line 344.


Package hyperref Warning: Token not allowed in a PDF string (PDFDocEncoding):
(hyperref)                \kern 1.75003pt
(hyperref)                removed on input line 344.


Package hyperref Warning: Token not allowed in a PDF string (PDFDocEncoding):
(hyperref)                removing `\char' on input line 361.


Package hyperref Warning: Token not allowed in a PDF string (PDFDocEncoding):
(hyperref)                \kern 1.75003pt
(hyperref)                removed on input line 361.


Package hyperref Warning: Token not allowed in a PDF string (PDFDocEncoding):
(hyperref)                removing `\char' on input line 361.


Package hyperref Warning: Token not allowed in a PDF string (PDFDocEncoding):
(hyperref)                \kern 1.75003pt
(hyperref)                removed on input line 361.

[9]

Package hyperref Warning: Token not allowed in a PDF string (PDFDocEncoding):
(hyperref)                removing `\char' on input line 386.


Package hyperref Warning: Token not allowed in a PDF string (PDFDocEncoding):
(hyperref)                \kern 1.75003pt
(hyperref)                removed on input line 386.


Package hyperref Warning: Token not allowed in a PDF string (PDFDocEncoding):
(hyperref)                removing `\char' on input line 386.


Package hyperref Warning: Token not allowed in a PDF string (PDFDocEncoding):
(hyperref)                \kern 1.75003pt
(hyperref)                removed on input line 386.


Package hyperref Warning: Token not allowed in a PDF string (PDFDocEncoding):
(hyperref)                removing `\char' on input line 402.


Package hyperref Warning: Token not allowed in a PDF string (PDFDocEncoding):
(hyperref)                \kern 1.75003pt
(hyperref)                removed on input line 402.


Package hyperref Warning: Token not allowed in a PDF string (PDFDocEncoding):
(hyperref)                removing `\char' on input line 402.


Package hyperref Warning: Token not allowed in a PDF string (PDFDocEncoding):
(hyperref)                \kern 1.75003pt
(hyperref)                removed on input line 402.

[10]

Package hyperref Warning: Token not allowed in a PDF string (PDFDocEncoding):
(hyperref)                removing `\char' on input line 431.


Package hyperref Warning: Token not allowed in a PDF string (PDFDocEncoding):
(hyperref)                \kern 1.75003pt
(hyperref)                removed on input line 431.


Package hyperref Warning: Token not allowed in a PDF string (PDFDocEncoding):
(hyperref)                removing `\char' on input line 431.


Package hyperref Warning: Token not allowed in a PDF string (PDFDocEncoding):
(hyperref)                \kern 1.75003pt
(hyperref)                removed on input line 431.

[11]

Package hyperref Warning: Token not allowed in a PDF string (PDFDocEncoding):
(hyperref)                removing `\char' on input line 480.


Package hyperref Warning: Token not allowed in a PDF string (PDFDocEncoding):
(hyperref)                \kern 1.75003pt
(hyperref)                removed on input line 480.


Package hyperref Warning: Token not allowed in a PDF string (PDFDocEncoding):
(hyperref)                removing `\char' on input line 480.


Package hyperref Warning: Token not allowed in a PDF string (PDFDocEncoding):
(hyperref)                \kern 1.75003pt
(hyperref)                removed on input line 480.


Package hyperref Warning: Token not allowed in a PDF string (PDFDocEncoding):
(hyperref)                removing `\char' on input line 490.


Package hyperref Warning: Token not allowed in a PDF string (PDFDocEncoding):
(hyperref)                \kern 1.75003pt
(hyperref)                removed on input line 490.


Package hyperref Warning: Token not allowed in a PDF string (PDFDocEncoding):
(hyperref)                removing `\char' on input line 490.


Package hyperref Warning: Token not allowed in a PDF string (PDFDocEncoding):
(hyperref)                \kern 1.75003pt
(hyperref)                removed on input line 490.

[12]

Package hyperref Warning: Token not allowed in a PDF string (PDFDocEncoding):
(hyperref)                removing `\char' on input line 528.


Package hyperref Warning: Token not allowed in a PDF string (PDFDocEncoding):
(hyperref)                \kern 1.75003pt
(hyperref)                removed on input line 528.


Package hyperref Warning: Token not allowed in a PDF string (PDFDocEncoding):
(hyperref)                removing `\char' on input line 528.


Package hyperref Warning: Token not allowed in a PDF string (PDFDocEncoding):
(hyperref)                \kern 1.75003pt
(hyperref)                removed on input line 528.


Package hyperref Warning: Token not allowed in a PDF string (PDFDocEncoding):
(hyperref)                removing `\char' on input line 543.


Package hyperref Warning: Token not allowed in a PDF string (PDFDocEncoding):
(hyperref)                \kern 1.75003pt
(hyperref)                removed on input line 543.


Package hyperref Warning: Token not allowed in a PDF string (PDFDocEncoding):
(hyperref)                removing `\char' on input line 543.


Package hyperref Warning: Token not allowed in a PDF string (PDFDocEncoding):
(hyperref)                \kern 1.75003pt
(hyperref)                removed on input line 543.

[13]

Package hyperref Warning: Token not allowed in a PDF string (PDFDocEncoding):
(hyperref)                removing `\char' on input line 581.


Package hyperref Warning: Token not allowed in a PDF string (PDFDocEncoding):
(hyperref)                \kern 1.75003pt
(hyperref)                removed on input line 581.


Package hyperref Warning: Token not allowed in a PDF string (PDFDocEncoding):
(hyperref)                removing `\char' on input line 581.


Package hyperref Warning: Token not allowed in a PDF string (PDFDocEncoding):
(hyperref)                \kern 1.75003pt
(hyperref)                removed on input line 581.


Package hyperref Warning: Token not allowed in a PDF string (PDFDocEncoding):
(hyperref)                removing `\char' on input line 591.


Package hyperref Warning: Token not allowed in a PDF string (PDFDocEncoding):
(hyperref)                \kern 1.75003pt
(hyperref)                removed on input line 591.


Package hyperref Warning: Token not allowed in a PDF string (PDFDocEncoding):
(hyperref)                removing `\char' on input line 591.


Package hyperref Warning: Token not allowed in a PDF string (PDFDocEncoding):
(hyperref)                \kern 1.75003pt
(hyperref)                removed on input line 591.

[14]

Package hyperref Warning: Token not allowed in a PDF string (PDFDocEncoding):
(hyperref)                removing `\char' on input line 634.


Package hyperref Warning: Token not allowed in a PDF string (PDFDocEncoding):
(hyperref)                \kern 1.75003pt
(hyperref)                removed on input line 634.


Package hyperref Warning: Token not allowed in a PDF string (PDFDocEncoding):
(hyperref)                removing `\char' on input line 634.


Package hyperref Warning: Token not allowed in a PDF string (PDFDocEncoding):
(hyperref)                \kern 1.75003pt
(hyperref)                removed on input line 634.


Package hyperref Warning: Token not allowed in a PDF string (PDFDocEncoding):
(hyperref)                removing `\char' on input line 644.


Package hyperref Warning: Token not allowed in a PDF string (PDFDocEncoding):
(hyperref)                \kern 1.75003pt
(hyperref)                removed on input line 644.


Package hyperref Warning: Token not allowed in a PDF string (PDFDocEncoding):
(hyperref)                removing `\char' on input line 644.


Package hyperref Warning: Token not allowed in a PDF string (PDFDocEncoding):
(hyperref)                \kern 1.75003pt
(hyperref)                removed on input line 644.

[15]

Package hyperref Warning: Token not allowed in a PDF string (PDFDocEncoding):
(hyperref)                removing `\char' on input line 682.


Package hyperref Warning: Token not allowed in a PDF string (PDFDocEncoding):
(hyperref)                \kern 1.75003pt
(hyperref)                removed on input line 682.


Package hyperref Warning: Token not allowed in a PDF string (PDFDocEncoding):
(hyperref)                removing `\char' on input line 682.


Package hyperref Warning: Token not allowed in a PDF string (PDFDocEncoding):
(hyperref)                \kern 1.75003pt
(hyperref)                removed on input line 682.


Package hyperref Warning: Token not allowed in a PDF string (PDFDocEncoding):
(hyperref)                removing `\char' on input line 697.


Package hyperref Warning: Token not allowed in a PDF string (PDFDocEncoding):
(hyperref)                \kern 1.75003pt
(hyperref)                removed on input line 697.


Package hyperref Warning: Token not allowed in a PDF string (PDFDocEncoding):
(hyperref)                removing `\char' on input line 697.


Package hyperref Warning: Token not allowed in a PDF string (PDFDocEncoding):
(hyperref)                \kern 1.75003pt
(hyperref)                removed on input line 697.

[16]

Package hyperref Warning: Token not allowed in a PDF string (PDFDocEncoding):
(hyperref)                removing `\char' on input line 744.


Package hyperref Warning: Token not allowed in a PDF string (PDFDocEncoding):
(hyperref)                \kern 1.75003pt
(hyperref)                removed on input line 744.


Package hyperref Warning: Token not allowed in a PDF string (PDFDocEncoding):
(hyperref)                removing `\char' on input line 744.


Package hyperref Warning: Token not allowed in a PDF string (PDFDocEncoding):
(hyperref)                \kern 1.75003pt
(hyperref)                removed on input line 744.

[17] [18]

Package hyperref Warning: Token not allowed in a PDF string (PDFDocEncoding):
(hyperref)                removing `\char' on input line 767.


Package hyperref Warning: Token not allowed in a PDF string (PDFDocEncoding):
(hyperref)                \kern 1.75003pt
(hyperref)                removed on input line 767.


Package hyperref Warning: Token not allowed in a PDF string (PDFDocEncoding):
(hyperref)                removing `\char' on input line 767.


Package hyperref Warning: Token not allowed in a PDF string (PDFDocEncoding):
(hyperref)                \kern 1.75003pt
(hyperref)                removed on input line 767.


Package hyperref Warning: Token not allowed in a PDF string (PDFDocEncoding):
(hyperref)                removing `\char' on input line 780.


Package hyperref Warning: Token not allowed in a PDF string (PDFDocEncoding):
(hyperref)                \kern 1.75003pt
(hyperref)                removed on input line 780.


Package hyperref Warning: Token not allowed in a PDF string (PDFDocEncoding):
(hyperref)                removing `\char' on input line 780.


Package hyperref Warning: Token not allowed in a PDF string (PDFDocEncoding):
(hyperref)                \kern 1.75003pt
(hyperref)                removed on input line 780.

[19]

Package hyperref Warning: Token not allowed in a PDF string (PDFDocEncoding):
(hyperref)                removing `\char' on input line 805.


Package hyperref Warning: Token not allowed in a PDF string (PDFDocEncoding):
(hyperref)                \kern 1.75003pt
(hyperref)                removed on input line 805.


Package hyperref Warning: Token not allowed in a PDF string (PDFDocEncoding):
(hyperref)                removing `\char' on input line 805.


Package hyperref Warning: Token not allowed in a PDF string (PDFDocEncoding):
(hyperref)                \kern 1.75003pt
(hyperref)                removed on input line 805.


Package hyperref Warning: Token not allowed in a PDF string (PDFDocEncoding):
(hyperref)                removing `\char' on input line 832.


Package hyperref Warning: Token not allowed in a PDF string (PDFDocEncoding):
(hyperref)                \kern 1.75003pt
(hyperref)                removed on input line 832.


Package hyperref Warning: Token not allowed in a PDF string (PDFDocEncoding):
(hyperref)                removing `\char' on input line 832.


Package hyperref Warning: Token not allowed in a PDF string (PDFDocEncoding):
(hyperref)                \kern 1.75003pt
(hyperref)                removed on input line 832.

[20] [21]

Package hyperref Warning: Token not allowed in a PDF string (PDFDocEncoding):
(hyperref)                removing `\char' on input line 857.


Package hyperref Warning: Token not allowed in a PDF string (PDFDocEncoding):
(hyperref)                \kern 1.75003pt
(hyperref)                removed on input line 857.


Package hyperref Warning: Token not allowed in a PDF string (PDFDocEncoding):
(hyperref)                removing `\char' on input line 857.


Package hyperref Warning: Token not allowed in a PDF string (PDFDocEncoding):
(hyperref)                \kern 1.75003pt
(hyperref)                removed on input line 857.


Package hyperref Warning: Token not allowed in a PDF string (PDFDocEncoding):
(hyperref)                removing `\char' on input line 886.


Package hyperref Warning: Token not allowed in a PDF string (PDFDocEncoding):
(hyperref)                \kern 1.75003pt
(hyperref)                removed on input line 886.


Package hyperref Warning: Token not allowed in a PDF string (PDFDocEncoding):
(hyperref)                removing `\char' on input line 886.


Package hyperref Warning: Token not allowed in a PDF string (PDFDocEncoding):
(hyperref)                \kern 1.75003pt
(hyperref)                removed on input line 886.

[22]

Package hyperref Warning: Token not allowed in a PDF string (PDFDocEncoding):
(hyperref)                removing `\char' on input line 908.


Package hyperref Warning: Token not allowed in a PDF string (PDFDocEncoding):
(hyperref)                \kern 1.75003pt
(hyperref)                removed on input line 908.


Package hyperref Warning: Token not allowed in a PDF string (PDFDocEncoding):
(hyperref)                removing `\char' on input line 908.


Package hyperref Warning: Token not allowed in a PDF string (PDFDocEncoding):
(hyperref)                \kern 1.75003pt
(hyperref)                removed on input line 908.


Package hyperref Warning: Token not allowed in a PDF string (PDFDocEncoding):
(hyperref)                removing `\char' on input line 929.


Package hyperref Warning: Token not allowed in a PDF string (PDFDocEncoding):
(hyperref)                \kern 1.75003pt
(hyperref)                removed on input line 929.


Package hyperref Warning: Token not allowed in a PDF string (PDFDocEncoding):
(hyperref)                removing `\char' on input line 929.


Package hyperref Warning: Token not allowed in a PDF string (PDFDocEncoding):
(hyperref)                \kern 1.75003pt
(hyperref)                removed on input line 929.

[23] [24]

Package hyperref Warning: Token not allowed in a PDF string (PDFDocEncoding):
(hyperref)                removing `\char' on input line 964.


Package hyperref Warning: Token not allowed in a PDF string (PDFDocEncoding):
(hyperref)                \kern 1.75003pt
(hyperref)                removed on input line 964.


Package hyperref Warning: Token not allowed in a PDF string (PDFDocEncoding):
(hyperref)                removing `\char' on input line 964.


Package hyperref Warning: Token not allowed in a PDF string (PDFDocEncoding):
(hyperref)                \kern 1.75003pt
(hyperref)                removed on input line 964.

[25]

Package hyperref Warning: Token not allowed in a PDF string (PDFDocEncoding):
(hyperref)                removing `\char' on input line 1003.


Package hyperref Warning: Token not allowed in a PDF string (PDFDocEncoding):
(hyperref)                \kern 1.75003pt
(hyperref)                removed on input line 1003.


Package hyperref Warning: Token not allowed in a PDF string (PDFDocEncoding):
(hyperref)                removing `\char' on input line 1003.


Package hyperref Warning: Token not allowed in a PDF string (PDFDocEncoding):
(hyperref)                \kern 1.75003pt
(hyperref)                removed on input line 1003.

[26]

Package hyperref Warning: Token not allowed in a PDF string (PDFDocEncoding):
(hyperref)                removing `\char' on input line 1028.


Package hyperref Warning: Token not allowed in a PDF string (PDFDocEncoding):
(hyperref)                \kern 1.75003pt
(hyperref)                removed on input line 1028.


Package hyperref Warning: Token not allowed in a PDF string (PDFDocEncoding):
(hyperref)                removing `\char' on input line 1028.


Package hyperref Warning: Token not allowed in a PDF string (PDFDocEncoding):
(hyperref)                \kern 1.75003pt
(hyperref)                removed on input line 1028.


Package hyperref Warning: Token not allowed in a PDF string (PDFDocEncoding):
(hyperref)                removing `\char' on input line 1042.


Package hyperref Warning: Token not allowed in a PDF string (PDFDocEncoding):
(hyperref)                \kern 1.75003pt
(hyperref)                removed on input line 1042.


Package hyperref Warning: Token not allowed in a PDF string (PDFDocEncoding):
(hyperref)                removing `\char' on input line 1042.


Package hyperref Warning: Token not allowed in a PDF string (PDFDocEncoding):
(hyperref)                \kern 1.75003pt
(hyperref)                removed on input line 1042.

[27]

Package hyperref Warning: Token not allowed in a PDF string (PDFDocEncoding):
(hyperref)                removing `\char' on input line 1076.


Package hyperref Warning: Token not allowed in a PDF string (PDFDocEncoding):
(hyperref)                \kern 1.75003pt
(hyperref)                removed on input line 1076.


Package hyperref Warning: Token not allowed in a PDF string (PDFDocEncoding):
(hyperref)                removing `\char' on input line 1076.


Package hyperref Warning: Token not allowed in a PDF string (PDFDocEncoding):
(hyperref)                \kern 1.75003pt
(hyperref)                removed on input line 1076.


Package hyperref Warning: Token not allowed in a PDF string (PDFDocEncoding):
(hyperref)                removing `\char' on input line 1091.


Package hyperref Warning: Token not allowed in a PDF string (PDFDocEncoding):
(hyperref)                \kern 1.75003pt
(hyperref)                removed on input line 1091.


Package hyperref Warning: Token not allowed in a PDF string (PDFDocEncoding):
(hyperref)                removing `\char' on input line 1091.


Package hyperref Warning: Token not allowed in a PDF string (PDFDocEncoding):
(hyperref)                \kern 1.75003pt
(hyperref)                removed on input line 1091.

[28]

Package hyperref Warning: Token not allowed in a PDF string (PDFDocEncoding):
(hyperref)                removing `\char' on input line 1114.


Package hyperref Warning: Token not allowed in a PDF string (PDFDocEncoding):
(hyperref)                \kern 1.75003pt
(hyperref)                removed on input line 1114.


Package hyperref Warning: Token not allowed in a PDF string (PDFDocEncoding):
(hyperref)                removing `\char' on input line 1114.


Package hyperref Warning: Token not allowed in a PDF string (PDFDocEncoding):
(hyperref)                \kern 1.75003pt
(hyperref)                removed on input line 1114.


Package hyperref Warning: Token not allowed in a PDF string (PDFDocEncoding):
(hyperref)                removing `\char' on input line 1128.


Package hyperref Warning: Token not allowed in a PDF string (PDFDocEncoding):
(hyperref)                \kern 1.75003pt
(hyperref)                removed on input line 1128.


Package hyperref Warning: Token not allowed in a PDF string (PDFDocEncoding):
(hyperref)                removing `\char' on input line 1128.


Package hyperref Warning: Token not allowed in a PDF string (PDFDocEncoding):
(hyperref)                \kern 1.75003pt
(hyperref)                removed on input line 1128.

[29]

Package hyperref Warning: Token not allowed in a PDF string (PDFDocEncoding):
(hyperref)                removing `\char' on input line 1153.


Package hyperref Warning: Token not allowed in a PDF string (PDFDocEncoding):
(hyperref)                \kern 1.75003pt
(hyperref)                removed on input line 1153.


Package hyperref Warning: Token not allowed in a PDF string (PDFDocEncoding):
(hyperref)                removing `\char' on input line 1153.


Package hyperref Warning: Token not allowed in a PDF string (PDFDocEncoding):
(hyperref)                \kern 1.75003pt
(hyperref)                removed on input line 1153.


Package hyperref Warning: Token not allowed in a PDF string (PDFDocEncoding):
(hyperref)                removing `\char' on input line 1168.


Package hyperref Warning: Token not allowed in a PDF string (PDFDocEncoding):
(hyperref)                \kern 1.75003pt
(hyperref)                removed on input line 1168.


Package hyperref Warning: Token not allowed in a PDF string (PDFDocEncoding):
(hyperref)                removing `\char' on input line 1168.


Package hyperref Warning: Token not allowed in a PDF string (PDFDocEncoding):
(hyperref)                \kern 1.75003pt
(hyperref)                removed on input line 1168.

[30]

Package hyperref Warning: Token not allowed in a PDF string (PDFDocEncoding):
(hyperref)                removing `\char' on input line 1193.


Package hyperref Warning: Token not allowed in a PDF string (PDFDocEncoding):
(hyperref)                \kern 1.75003pt
(hyperref)                removed on input line 1193.


Package hyperref Warning: Token not allowed in a PDF string (PDFDocEncoding):
(hyperref)                removing `\char' on input line 1193.


Package hyperref Warning: Token not allowed in a PDF string (PDFDocEncoding):
(hyperref)                \kern 1.75003pt
(hyperref)                removed on input line 1193.


Package hyperref Warning: Token not allowed in a PDF string (PDFDocEncoding):
(hyperref)                removing `\char' on input line 1207.


Package hyperref Warning: Token not allowed in a PDF string (PDFDocEncoding):
(hyperref)                \kern 1.75003pt
(hyperref)                removed on input line 1207.


Package hyperref Warning: Token not allowed in a PDF string (PDFDocEncoding):
(hyperref)                removing `\char' on input line 1207.


Package hyperref Warning: Token not allowed in a PDF string (PDFDocEncoding):
(hyperref)                \kern 1.75003pt
(hyperref)                removed on input line 1207.

[31]

Package hyperref Warning: Token not allowed in a PDF string (PDFDocEncoding):
(hyperref)                removing `\char' on input line 1235.


Package hyperref Warning: Token not allowed in a PDF string (PDFDocEncoding):
(hyperref)                \kern 1.75003pt
(hyperref)                removed on input line 1235.


Package hyperref Warning: Token not allowed in a PDF string (PDFDocEncoding):
(hyperref)                removing `\char' on input line 1235.


Package hyperref Warning: Token not allowed in a PDF string (PDFDocEncoding):
(hyperref)                \kern 1.75003pt
(hyperref)                removed on input line 1235.


Package hyperref Warning: Token not allowed in a PDF string (PDFDocEncoding):
(hyperref)                removing `\char' on input line 1246.


Package hyperref Warning: Token not allowed in a PDF string (PDFDocEncoding):
(hyperref)                \kern 1.75003pt
(hyperref)                removed on input line 1246.


Package hyperref Warning: Token not allowed in a PDF string (PDFDocEncoding):
(hyperref)                removing `\char' on input line 1246.


Package hyperref Warning: Token not allowed in a PDF string (PDFDocEncoding):
(hyperref)                \kern 1.75003pt
(hyperref)                removed on input line 1246.

[32]

Package hyperref Warning: Token not allowed in a PDF string (PDFDocEncoding):
(hyperref)                removing `\char' on input line 1273.


Package hyperref Warning: Token not allowed in a PDF string (PDFDocEncoding):
(hyperref)                \kern 1.75003pt
(hyperref)                removed on input line 1273.


Package hyperref Warning: Token not allowed in a PDF string (PDFDocEncoding):
(hyperref)                removing `\char' on input line 1273.


Package hyperref Warning: Token not allowed in a PDF string (PDFDocEncoding):
(hyperref)                \kern 1.75003pt
(hyperref)                removed on input line 1273.


Package hyperref Warning: Token not allowed in a PDF string (PDFDocEncoding):
(hyperref)                removing `\char' on input line 1300.


Package hyperref Warning: Token not allowed in a PDF string (PDFDocEncoding):
(hyperref)                \kern 1.75003pt
(hyperref)                removed on input line 1300.


Package hyperref Warning: Token not allowed in a PDF string (PDFDocEncoding):
(hyperref)                removing `\char' on input line 1300.


Package hyperref Warning: Token not allowed in a PDF string (PDFDocEncoding):
(hyperref)                \kern 1.75003pt
(hyperref)                removed on input line 1300.

[33]

Package hyperref Warning: Token not allowed in a PDF string (PDFDocEncoding):
(hyperref)                removing `\char' on input line 1325.


Package hyperref Warning: Token not allowed in a PDF string (PDFDocEncoding):
(hyperref)                \kern 1.75003pt
(hyperref)                removed on input line 1325.


Package hyperref Warning: Token not allowed in a PDF string (PDFDocEncoding):
(hyperref)                removing `\char' on input line 1325.


Package hyperref Warning: Token not allowed in a PDF string (PDFDocEncoding):
(hyperref)                \kern 1.75003pt
(hyperref)                removed on input line 1325.


Package hyperref Warning: Token not allowed in a PDF string (PDFDocEncoding):
(hyperref)                removing `\char' on input line 1338.


Package hyperref Warning: Token not allowed in a PDF string (PDFDocEncoding):
(hyperref)                \kern 1.75003pt
(hyperref)                removed on input line 1338.


Package hyperref Warning: Token not allowed in a PDF string (PDFDocEncoding):
(hyperref)                removing `\char' on input line 1338.


Package hyperref Warning: Token not allowed in a PDF string (PDFDocEncoding):
(hyperref)                \kern 1.75003pt
(hyperref)                removed on input line 1338.

[34] [35] [36]
Package atveryend Info: Empty hook `BeforeClearDocument' on input line 1438.
[37]
Package atveryend Info: Empty hook `AfterLastShipout' on input line 1438.

(G:\Git\Reference_Sequencer\outputFiles\BRCA1_LRG_292t1_11-06-2015_14-44-11\BRC
A1_LRG_292t1.aux * soulpos - computing points - it may take a few seconds *
(G:\Git\Reference_Sequencer\outputFiles\BRCA1_LRG_292t1_11-06-2015_14-44-11\BRC
A1_LRG_292t1.upa))
Package atveryend Info: Executing hook `AtVeryEndDocument' on input line 1438.
Package atveryend Info: Executing hook `AtEndAfterFileList' on input line 1438.


Package rerunfilecheck Warning: File `BRCA1_LRG_292t1.out' has changed.
(rerunfilecheck)                Rerun to get outlines right
(rerunfilecheck)                or use package `bookmark'.

Package rerunfilecheck Info: Checksums for `BRCA1_LRG_292t1.out':
(rerunfilecheck)             Before: <no file>
(rerunfilecheck)             After:  D41D8CD98F00B204E9800998ECF8427E;0.
 ) 
Here is how much of TeX's memory you used:
 7957 strings out of 493921
 130672 string characters out of 3144879
 232022 words of memory out of 3000000
 11071 multiletter control sequences out of 15000+200000
 6857 words of font info for 25 fonts, out of 3000000 for 9000
 841 hyphenation exceptions out of 8191
 42i,5n,36p,1040b,481s stack positions out of 5000i,500n,10000p,200000b,50000s
<C:/Program Files (x86)/MiKTeX 2.9/fonts/type1/public/amsfonts/cm/cmmi7.pfb><
C:/Program Files (x86)/MiKTeX 2.9/fonts/type1/public/amsfonts/cm/cmr10.pfb><C:/
Program Files (x86)/MiKTeX 2.9/fonts/type1/public/amsfonts/cm/cmr12.pfb><C:/Pro
gram Files (x86)/MiKTeX 2.9/fonts/type1/public/amsfonts/cm/cmr8.pfb><C:/Program
 Files (x86)/MiKTeX 2.9/fonts/type1/public/amsfonts/cm/cmtt10.pfb>
Output written on BRCA1_LRG_292t1.pdf (37 pages, 143455 bytes).
PDF statistics:
 313 PDF objects out of 1000 (max. 8388607)
 93 named destinations out of 1000 (max. 500000)
 1 words of extra memory for PDF output out of 10000 (max. 10000000)

