This is pdfTeX, Version 3.1415926-2.5-1.40.14 (MiKTeX 2.9) (preloaded format=pdflatex 2015.1.13)  1 MAR 2015 11:09
entering extended mode
**ABL1_LRG_769_300_2.tex

(G:\Github\Reference_Sequencer\outputFiles\ABL1_LRG_769_300_2_01-03-2015_11-09-
21\ABL1_LRG_769_300_2.tex
LaTeX2e <2011/06/27>
Babel <v3.8m> and hyphenation patterns for english, afrikaans, ancientgreek, ar
abic, armenian, assamese, basque, bengali, bokmal, bulgarian, catalan, coptic, 
croatian, czech, danish, dutch, esperanto, estonian, farsi, finnish, french, ga
lician, german, german-x-2013-05-26, greek, gujarati, hindi, hungarian, iceland
ic, indonesian, interlingua, irish, italian, kannada, kurmanji, latin, latvian,
 lithuanian, malayalam, marathi, mongolian, mongolianlmc, monogreek, ngerman, n
german-x-2013-05-26, nynorsk, oriya, panjabi, pinyin, polish, portuguese, roman
ian, russian, sanskrit, serbian, slovak, slovenian, spanish, swedish, swissgerm
an, tamil, telugu, turkish, turkmen, ukenglish, ukrainian, uppersorbian, usengl
ishmax, welsh, loaded.
("C:\Program Files (x86)\MiKTeX 2.9\tex\latex\base\article.cls"
Document Class: article 2007/10/19 v1.4h Standard LaTeX document class
("C:\Program Files (x86)\MiKTeX 2.9\tex\latex\base\size10.clo"
File: size10.clo 2007/10/19 v1.4h Standard LaTeX file (size option)
)
\c@part=\count79
\c@section=\count80
\c@subsection=\count81
\c@subsubsection=\count82
\c@paragraph=\count83
\c@subparagraph=\count84
\c@figure=\count85
\c@table=\count86
\abovecaptionskip=\skip41
\belowcaptionskip=\skip42
\bibindent=\dimen102
)
("C:\Program Files (x86)\MiKTeX 2.9\tex\latex\fancyvrb\fancyvrb.sty"
Package: fancyvrb 2008/02/07

Style option: `fancyvrb' v2.7a, with DG/SPQR fixes, and firstline=lastline fix 
<2008/02/07> (tvz)
("C:\Program Files (x86)\MiKTeX 2.9\tex\latex\graphics\keyval.sty"
Package: keyval 1999/03/16 v1.13 key=value parser (DPC)
\KV@toks@=\toks14
)
\FV@CodeLineNo=\count87
\FV@InFile=\read1
\FV@TabBox=\box26
\c@FancyVerbLine=\count88
\FV@StepNumber=\count89
\FV@OutFile=\write3
)
(G:\Github\Reference_Sequencer\outputFiles\ABL1_LRG_769_300_2_01-03-2015_11-09-
21\ABL1_LRG_769_300_2.aux)
LaTeX Font Info:    Checking defaults for OML/cmm/m/it on input line 3.
LaTeX Font Info:    ... okay on input line 3.
LaTeX Font Info:    Checking defaults for T1/cmr/m/n on input line 3.
LaTeX Font Info:    ... okay on input line 3.
LaTeX Font Info:    Checking defaults for OT1/cmr/m/n on input line 3.
LaTeX Font Info:    ... okay on input line 3.
LaTeX Font Info:    Checking defaults for OMS/cmsy/m/n on input line 3.
LaTeX Font Info:    ... okay on input line 3.
LaTeX Font Info:    Checking defaults for OMX/cmex/m/n on input line 3.
LaTeX Font Info:    ... okay on input line 3.
LaTeX Font Info:    Checking defaults for U/cmr/m/n on input line 3.
LaTeX Font Info:    ... okay on input line 3.
LaTeX Font Info:    External font `cmex10' loaded for size
(Font)              <7> on input line 12.
LaTeX Font Info:    External font `cmex10' loaded for size
(Font)              <5> on input line 12.

Underfull \hbox (badness 10000) in paragraph at lines 12--16

 []

LaTeX Font Info:    Try loading font information for OT1+pcr on input line 16.
("C:\Program Files (x86)\MiKTeX 2.9\tex\latex\psnfss\ot1pcr.fd"
File: ot1pcr.fd 2001/06/04 font definitions for OT1/pcr.
) [1

{C:/ProgramData/MiKTeX/2.9/pdftex/config/pdftex.map}] [2] [3] [4] [5] [6] [7] [
8] [9]
[10] [11] [12] [13] [14] [15] [16] [17] [18] [19] [20] [21] [22]
(G:\Github\Reference_Sequencer\outputFiles\ABL1_LRG_769_300_2_01-03-2015_11-09-
21\ABL1_LRG_769_300_2.aux) ) 
Here is how much of TeX's memory you used:
 643 strings out of 493921
 9627 string characters out of 3144879
 61267 words of memory out of 3000000
 4006 multiletter control sequences out of 15000+200000
 4453 words of font info for 17 fonts, out of 3000000 for 9000
 841 hyphenation exceptions out of 8191
 23i,4n,19p,171b,262s stack positions out of 5000i,500n,10000p,200000b,50000s
{C:/Program Files (x86)/MiKTeX 2.9/fonts/enc/dvips/
fontname/8r.enc}<C:/Program Files (x86)/MiKTeX 2.9/fonts/type1/public/amsfonts/
cm/cmmi7.pfb><C:/Program Files (x86)/MiKTeX 2.9/fonts/type1/public/amsfonts/cm/
cmr10.pfb><C:/Program Files (x86)/MiKTeX 2.9/fonts/type1/public/amsfonts/cm/cmr
12.pfb><C:/Program Files (x86)/MiKTeX 2.9/fonts/type1/urw/courier/ucrr8a.pfb>
Output written on ABL1_LRG_769_300_2.pdf (22 pages, 79854 bytes).
PDF statistics:
 90 PDF objects out of 1000 (max. 8388607)
 0 named destinations out of 1000 (max. 500000)
 1 words of extra memory for PDF output out of 10000 (max. 10000000)

